<?xml version="1.0" encoding="UTF-8"?>
<testsuite name="test.java.model.TestsCoordonnees" time="0.007" tests="5" errors="0" skipped="0" failures="0">
  <properties>
[...]
</properties>
  <testcase name="test.java.model.TestsCoordonnees.testCoordonneesConstructor" classname="test.java.model.TestsCoordonnees" time="0"/>
  <testcase name="test.java.model.TestsCoordonnees.testCoordonneesSetters" classname="test.java.model.TestsCoordonnees" time="0"/>
  <testcase name="test.java.model.TestsCoordonnees.testCoordonneesEquals" classname="test.java.model.TestsCoordonnees" time="0"/>
  <testcase name="test.java.model.TestsCoordonnees.testCoordonneesHashCode" classname="test.java.model.TestsCoordonnees" time="0.007"/>
  <testcase name="test.java.model.TestsCoordonnees.testCoordonneesCompareTo" classname="test.java.model.TestsCoordonnees" time="0"/>
</testsuite>